0 info it worked if it ends with ok
1 verbose cli [ 'node', '/usr/local/bin/npm', 'publish' ]
2 info using npm@1.4.4
3 info using node@v0.10.26
4 verbose publish [ '.' ]
5 verbose cache add [ '.', null ]
6 verbose cache add name=undefined spec="." args=[".",null]
7 verbose parsed url { protocol: null,
7 verbose parsed url   slashes: null,
7 verbose parsed url   auth: null,
7 verbose parsed url   host: null,
7 verbose parsed url   port: null,
7 verbose parsed url   hostname: null,
7 verbose parsed url   hash: null,
7 verbose parsed url   search: null,
7 verbose parsed url   query: null,
7 verbose parsed url   pathname: '.',
7 verbose parsed url   path: '.',
7 verbose parsed url   href: '.' }
8 silly lockFile 3a52ce78- .
9 verbose lock . /Users/jewelsjacobs/.npm/3a52ce78-.lock
10 verbose tar pack [ '/var/folders/wq/_fffhgkd11xdwx6g0_6ygz8w0000gq/T/npm-23663-OBdvd6d6/1393598849202-0.6975863596890122/tmp.tgz',
10 verbose tar pack   '.' ]
11 verbose tarball /var/folders/wq/_fffhgkd11xdwx6g0_6ygz8w0000gq/T/npm-23663-OBdvd6d6/1393598849202-0.6975863596890122/tmp.tgz
12 verbose folder .
13 info prepublish lineman-server@0.1.7
14 silly lockFile 1f1177db-tar tar://.
15 verbose lock tar://. /Users/jewelsjacobs/.npm/1f1177db-tar.lock
16 silly lockFile 37f38451-49202-0-6975863596890122-tmp-tgz tar:///var/folders/wq/_fffhgkd11xdwx6g0_6ygz8w0000gq/T/npm-23663-OBdvd6d6/1393598849202-0.6975863596890122/tmp.tgz
17 verbose lock tar:///var/folders/wq/_fffhgkd11xdwx6g0_6ygz8w0000gq/T/npm-23663-OBdvd6d6/1393598849202-0.6975863596890122/tmp.tgz /Users/jewelsjacobs/.npm/37f38451-49202-0-6975863596890122-tmp-tgz.lock
18 silly lockFile 1f1177db-tar tar://.
19 silly lockFile 1f1177db-tar tar://.
20 silly lockFile 37f38451-49202-0-6975863596890122-tmp-tgz tar:///var/folders/wq/_fffhgkd11xdwx6g0_6ygz8w0000gq/T/npm-23663-OBdvd6d6/1393598849202-0.6975863596890122/tmp.tgz
21 silly lockFile 37f38451-49202-0-6975863596890122-tmp-tgz tar:///var/folders/wq/_fffhgkd11xdwx6g0_6ygz8w0000gq/T/npm-23663-OBdvd6d6/1393598849202-0.6975863596890122/tmp.tgz
22 verbose tar unpack /var/folders/wq/_fffhgkd11xdwx6g0_6ygz8w0000gq/T/npm-23663-OBdvd6d6/1393598849202-0.6975863596890122/tmp.tgz
23 silly lockFile 250ca383-49202-0-6975863596890122-package tar:///var/folders/wq/_fffhgkd11xdwx6g0_6ygz8w0000gq/T/npm-23663-OBdvd6d6/1393598849202-0.6975863596890122/package
24 verbose lock tar:///var/folders/wq/_fffhgkd11xdwx6g0_6ygz8w0000gq/T/npm-23663-OBdvd6d6/1393598849202-0.6975863596890122/package /Users/jewelsjacobs/.npm/250ca383-49202-0-6975863596890122-package.lock
25 silly lockFile 37f38451-49202-0-6975863596890122-tmp-tgz tar:///var/folders/wq/_fffhgkd11xdwx6g0_6ygz8w0000gq/T/npm-23663-OBdvd6d6/1393598849202-0.6975863596890122/tmp.tgz
26 verbose lock tar:///var/folders/wq/_fffhgkd11xdwx6g0_6ygz8w0000gq/T/npm-23663-OBdvd6d6/1393598849202-0.6975863596890122/tmp.tgz /Users/jewelsjacobs/.npm/37f38451-49202-0-6975863596890122-tmp-tgz.lock
27 silly gunzTarPerm modes [ '755', '644' ]
28 silly gunzTarPerm extractEntry package.json
29 silly gunzTarPerm extractEntry .npmignore
30 silly gunzTarPerm extractEntry README.md
31 silly gunzTarPerm extractEntry main.js
32 silly gunzTarPerm extractEntry config/plugins/create-server.coffee
33 silly gunzTarPerm extractEntry CHANGELOG.md
34 silly gunzTarPerm extractEntry Gruntfile.coffee
35 silly gunzTarPerm extractEntry script/postinstall.js
36 silly gunzTarPerm extractEntry server-files/server/lib/config/config.coffee
37 silly gunzTarPerm extractEntry server-files/server/lib/config/env/all.coffee
38 silly gunzTarPerm extractEntry server-files/server/lib/config/env/development.coffee
39 silly gunzTarPerm extractEntry server-files/server/lib/config/env/production.coffee
40 silly gunzTarPerm extractEntry server-files/server/lib/config/env/test.coffee
41 silly gunzTarPerm extractEntry server-files/server/lib/config/express.coffee
42 silly gunzTarPerm extractEntry server-files/server/lib/controllers/api.coffee
43 silly gunzTarPerm extractEntry server-files/server/lib/controllers/index.coffee
44 silly gunzTarPerm extractEntry server-files/server/lib/routes.coffee
45 silly gunzTarPerm extractEntry server-files/server/server.coffee
46 silly gunzTarPerm extractEntry lib/copy-server-files.coffee
47 silly lockFile 250ca383-49202-0-6975863596890122-package tar:///var/folders/wq/_fffhgkd11xdwx6g0_6ygz8w0000gq/T/npm-23663-OBdvd6d6/1393598849202-0.6975863596890122/package
48 silly lockFile 250ca383-49202-0-6975863596890122-package tar:///var/folders/wq/_fffhgkd11xdwx6g0_6ygz8w0000gq/T/npm-23663-OBdvd6d6/1393598849202-0.6975863596890122/package
49 silly lockFile 37f38451-49202-0-6975863596890122-tmp-tgz tar:///var/folders/wq/_fffhgkd11xdwx6g0_6ygz8w0000gq/T/npm-23663-OBdvd6d6/1393598849202-0.6975863596890122/tmp.tgz
50 silly lockFile 37f38451-49202-0-6975863596890122-tmp-tgz tar:///var/folders/wq/_fffhgkd11xdwx6g0_6ygz8w0000gq/T/npm-23663-OBdvd6d6/1393598849202-0.6975863596890122/tmp.tgz
51 verbose tar pack [ '/Users/jewelsjacobs/.npm/lineman-server/0.1.7/package.tgz',
51 verbose tar pack   '/var/folders/wq/_fffhgkd11xdwx6g0_6ygz8w0000gq/T/npm-23663-OBdvd6d6/1393598849202-0.6975863596890122/package' ]
52 verbose tarball /Users/jewelsjacobs/.npm/lineman-server/0.1.7/package.tgz
53 verbose folder /var/folders/wq/_fffhgkd11xdwx6g0_6ygz8w0000gq/T/npm-23663-OBdvd6d6/1393598849202-0.6975863596890122/package
54 silly lockFile 250ca383-49202-0-6975863596890122-package tar:///var/folders/wq/_fffhgkd11xdwx6g0_6ygz8w0000gq/T/npm-23663-OBdvd6d6/1393598849202-0.6975863596890122/package
55 verbose lock tar:///var/folders/wq/_fffhgkd11xdwx6g0_6ygz8w0000gq/T/npm-23663-OBdvd6d6/1393598849202-0.6975863596890122/package /Users/jewelsjacobs/.npm/250ca383-49202-0-6975863596890122-package.lock
56 silly lockFile 85df7f03-lineman-server-0-1-7-package-tgz tar:///Users/jewelsjacobs/.npm/lineman-server/0.1.7/package.tgz
57 verbose lock tar:///Users/jewelsjacobs/.npm/lineman-server/0.1.7/package.tgz /Users/jewelsjacobs/.npm/85df7f03-lineman-server-0-1-7-package-tgz.lock
58 silly lockFile 250ca383-49202-0-6975863596890122-package tar:///var/folders/wq/_fffhgkd11xdwx6g0_6ygz8w0000gq/T/npm-23663-OBdvd6d6/1393598849202-0.6975863596890122/package
59 silly lockFile 250ca383-49202-0-6975863596890122-package tar:///var/folders/wq/_fffhgkd11xdwx6g0_6ygz8w0000gq/T/npm-23663-OBdvd6d6/1393598849202-0.6975863596890122/package
60 silly lockFile 85df7f03-lineman-server-0-1-7-package-tgz tar:///Users/jewelsjacobs/.npm/lineman-server/0.1.7/package.tgz
61 silly lockFile 85df7f03-lineman-server-0-1-7-package-tgz tar:///Users/jewelsjacobs/.npm/lineman-server/0.1.7/package.tgz
62 silly lockFile 734bd8ee-npm-lineman-server-0-1-7-package /Users/jewelsjacobs/.npm/lineman-server/0.1.7/package
63 verbose lock /Users/jewelsjacobs/.npm/lineman-server/0.1.7/package /Users/jewelsjacobs/.npm/734bd8ee-npm-lineman-server-0-1-7-package.lock
64 silly lockFile 734bd8ee-npm-lineman-server-0-1-7-package /Users/jewelsjacobs/.npm/lineman-server/0.1.7/package
65 silly lockFile 734bd8ee-npm-lineman-server-0-1-7-package /Users/jewelsjacobs/.npm/lineman-server/0.1.7/package
66 verbose tar unpack /Users/jewelsjacobs/.npm/lineman-server/0.1.7/package.tgz
67 silly lockFile 964b366f-npm-lineman-server-0-1-7-package tar:///Users/jewelsjacobs/.npm/lineman-server/0.1.7/package
68 verbose lock tar:///Users/jewelsjacobs/.npm/lineman-server/0.1.7/package /Users/jewelsjacobs/.npm/964b366f-npm-lineman-server-0-1-7-package.lock
69 silly lockFile 85df7f03-lineman-server-0-1-7-package-tgz tar:///Users/jewelsjacobs/.npm/lineman-server/0.1.7/package.tgz
70 verbose lock tar:///Users/jewelsjacobs/.npm/lineman-server/0.1.7/package.tgz /Users/jewelsjacobs/.npm/85df7f03-lineman-server-0-1-7-package-tgz.lock
71 silly gunzTarPerm modes [ '755', '644' ]
72 silly gunzTarPerm extractEntry package.json
73 silly gunzTarPerm extractEntry .npmignore
74 silly gunzTarPerm extractEntry README.md
75 silly gunzTarPerm extractEntry main.js
76 silly gunzTarPerm extractEntry CHANGELOG.md
77 silly gunzTarPerm extractEntry Gruntfile.coffee
78 silly gunzTarPerm extractEntry config/plugins/create-server.coffee
79 silly gunzTarPerm extractEntry lib/copy-server-files.coffee
80 silly gunzTarPerm extractEntry script/postinstall.js
81 silly gunzTarPerm extractEntry server-files/server/lib/config/config.coffee
82 silly gunzTarPerm extractEntry server-files/server/lib/config/env/all.coffee
83 silly gunzTarPerm extractEntry server-files/server/lib/config/env/development.coffee
84 silly gunzTarPerm extractEntry server-files/server/lib/config/env/production.coffee
85 silly gunzTarPerm extractEntry server-files/server/lib/config/env/test.coffee
86 silly gunzTarPerm extractEntry server-files/server/lib/config/express.coffee
87 silly gunzTarPerm extractEntry server-files/server/lib/controllers/api.coffee
88 silly gunzTarPerm extractEntry server-files/server/lib/controllers/index.coffee
89 silly gunzTarPerm extractEntry server-files/server/lib/routes.coffee
90 silly gunzTarPerm extractEntry server-files/server/server.coffee
91 silly lockFile 964b366f-npm-lineman-server-0-1-7-package tar:///Users/jewelsjacobs/.npm/lineman-server/0.1.7/package
92 silly lockFile 964b366f-npm-lineman-server-0-1-7-package tar:///Users/jewelsjacobs/.npm/lineman-server/0.1.7/package
93 silly lockFile 85df7f03-lineman-server-0-1-7-package-tgz tar:///Users/jewelsjacobs/.npm/lineman-server/0.1.7/package.tgz
94 silly lockFile 85df7f03-lineman-server-0-1-7-package-tgz tar:///Users/jewelsjacobs/.npm/lineman-server/0.1.7/package.tgz
95 verbose chmod /Users/jewelsjacobs/.npm/lineman-server/0.1.7/package.tgz 644
96 verbose chown /Users/jewelsjacobs/.npm/lineman-server/0.1.7/package.tgz [ 503, 20 ]
97 silly lockFile 3a52ce78- .
98 silly lockFile 3a52ce78- .
99 silly publish { name: 'lineman-server',
99 silly publish   title: 'An Express production server for a lineman app.',
99 silly publish   version: '0.1.7',
99 silly publish   homepage: 'https://github.com/jewelsjacobs/lineman-server',
99 silly publish   author: { name: 'Julia Jacobs' },
99 silly publish   scripts: { postinstall: 'node script/postinstall.js' },
99 silly publish   repository:
99 silly publish    { type: 'git',
99 silly publish      url: 'git://github.com/jewelsjacobs/lineman-server.git' },
99 silly publish   main: 'main.js',
99 silly publish   dependencies:
99 silly publish    { 'grunt-contrib-clean': '0.5.0',
99 silly publish      'grunt-contrib-coffee': '0.7.0',
99 silly publish      'grunt-contrib-copy': '0.4.1',
99 silly publish      'coffee-script': '~1.6.3',
99 silly publish      ncp: '^0.5.0' },
99 silly publish   peerDependencies: { lineman: '>= 0.19.0' },
99 silly publish   devDependencies:
99 silly publish    { mocha: '~1.17.1',
99 silly publish      grunt: '~0.4.2',
99 silly publish      'grunt-contrib-jshint': '~0.8.0',
99 silly publish      'grunt-conventional-changelog': '~1.1.0',
99 silly publish      'load-grunt-tasks': '~0.3.0',
99 silly publish      marked: '~0.3.1',
99 silly publish      semver: '~2.2.1',
99 silly publish      'underscore.string': '~2.3.3',
99 silly publish      'grunt-release': '~0.7.0',
99 silly publish      'grunt-shell': '~0.6.4' },
99 silly publish   licenses: [ { type: 'MIT', url: 'http://mit-license.org' } ],
99 silly publish   readme: '# lineman-server\n\nThis is a plugin to create a simple production server with\n[Lineman](http://linemanjs.com) app.\n\nIt\'s based on the [lineman-bower](https://github.com/linemanjs/lineman-bower)\n\n## Usage\n\nFirst, add the plugin to your lineman project:\n\n```\n$ npm install lineman-server --save-dev\n```\n\nWhen you install lineman-bower-install, it should create a default `.bowerrc` (unless one already exists) with the following vendor directory:\n\n```\n{\n  "directory": "/vendor/bower"\n}\n```\n\nAlso a default `bower.json` (unless one already exists) will be installed.\n\n\nThird, you\'ll want to make sure that your bower dependencies don\'t get checked\ninto git, so add them to your `.gitignore`:\n\n```\n/vendor/bower\n```\n\nNext, you\'ll need a `bower.json` to start pulling down dependencies:\n\n```\n{\n  "name": "my-app",\n  "version": "0.0.1",\n  "dependencies": {\n    "jquery": "~1.9.0"\n  }\n}\n```\n\nFinally, you\'ll want to make sure that jquery is made available when Lineman\nconcatenates your vendor JavaScript libraries. You can do this by extending the\n`js.vendor` configuration in `config/files.js` like so:\n\n```\nmodule.exports = require(process.env["LINEMAN_MAIN"]).config.extend("files", {\n  js: {\n    vendor: [\n      "vendor/bower/jquery/jquery.js",\n      "vendor/js/**/*.js"  //Note that this glob remains for traditional vendor libs\n    ]\n  }\n});\n```\n\nNow, when you run `lineman run` and visit [localhost:8000](http://localhost:8000),\nyou should see Bower install jQuery and have access to the library on the page.\n',
99 silly publish   readmeFilename: 'README.md',
99 silly publish   description: 'This is a plugin to create a simple production server with [Lineman](http://linemanjs.com) app.',
99 silly publish   bugs: { url: 'https://github.com/jewelsjacobs/lineman-server/issues' },
99 silly publish   _id: 'lineman-server@0.1.7',
99 silly publish   dist: { shasum: 'e157344ccfabd200a9186844477eda60bee86d7d' },
99 silly publish   _from: '.' }
100 verbose url raw lineman-server
101 verbose url resolving [ 'http://registry.npmjs.org/', './lineman-server' ]
102 verbose url resolved http://registry.npmjs.org/lineman-server
103 info trying registry request attempt 1 at 08:47:29
104 http PUT http://registry.npmjs.org/lineman-server
105 http 403 http://registry.npmjs.org/lineman-server
106 error publish Failed PUT 403
107 error Error: forbidden cannot modify pre-existing version: 0.1.7
107 error old={"name":"lineman-server","title":"An Express production server for a lineman app.","version":"0.1.7","homepage":"https://github.com/jewelsjacobs/lineman-server","author":{"name":"Julia Jacobs"},"scripts":{"postinstall":"node script/postinstall.js"},"repository":{"type":"git","url":"git://github.com/jewelsjacobs/lineman-server.git"},"main":"main.js","dependencies":{"grunt-contrib-clean":"0.5.0","grunt-contrib-coffee":"0.7.0","grunt-contrib-copy":"0.4.1","coffee-script":"~1.6.3","ncp":"^0.5.0"},"peerDependencies":{"lineman":">= 0.19.0"},"devDependencies":{"mocha":"~1.17.1","grunt":"~0.4.2","grunt-contrib-jshint":"~0.8.0","grunt-conventional-changelog":"~1.1.0","load-grunt-tasks":"~0.3.0","marked":"~0.3.1","semver":"~2.2.1","underscore.string":"~2.3.3","grunt-release":"~0.7.0","grunt-shell":"~0.6.4"},"licenses":[{"type":"MIT","url":"http://mit-license.org"}],"description":"This is a plugin to create a simple production server with [Lineman](http://linemanjs.com) app.","bugs":{"url":"https://github.com/jewelsjacobs/lineman-server/issues"},"_id":"lineman-server@0.1.7","dist":{"shasum":"e157344ccfabd200a9186844477eda60bee86d7d","tarball":"http://registry.npmjs.org/lineman-server/-/lineman-server-0.1.7.tgz"},"_from":".","_npmVersion":"1.4.4","_npmUser":{"name":"juli7168","email":"julia.jacobs@rackspace.com"},"maintainers":[{"name":"juli7168","email":"julia.jacobs@rackspace.com"}]}
107 error new={"name":"lineman-server","title":"An Express production server for a lineman app.","version":"0.1.7","homepage":"https://github.com/jewelsjacobs/lineman-server","author":{"name":"Julia Jacobs"},"scripts":{"postinstall":"node script/postinstall.js"},"repository":{"type":"git","url":"git://github.com/jewelsjacobs/lineman-server.git"},"main":"main.js","dependencies":{"grunt-contrib-clean":"0.5.0","grunt-contrib-coffee":"0.7.0","grunt-contrib-copy":"0.4.1","coffee-script":"~1.6.3","ncp":"^0.5.0"},"peerDependencies":{"lineman":">= 0.19.0"},"devDependencies":{"mocha":"~1.17.1","grunt":"~0.4.2","grunt-contrib-jshint":"~0.8.0","grunt-conventional-changelog":"~1.1.0","load-grunt-tasks":"~0.3.0","marked":"~0.3.1","semver":"~2.2.1","underscore.string":"~2.3.3","grunt-release":"~0.7.0","grunt-shell":"~0.6.4"},"licenses":[{"type":"MIT","url":"http://mit-license.org"}],"readme":"# lineman-server\u000a\u000aThis is a plugin to create a simple production server with\u000a[Lineman](http://linemanjs.com) app.\u000a\u000aIt's based on the [lineman-bower](https://github.com/linemanjs/lineman-bower)\u000a\u000a## Usage\u000a\u000aFirst, add the plugin to your lineman project:\u000a\u000a```\u000a$ npm install lineman-server --save-dev\u000a```\u000a\u000aWhen you install lineman-bower-install, it should create a default `.bowerrc` (unless one already exists) with the following vendor directory:\u000a\u000a```\u000a{\u000a  \"directory\": \"/vendor/bower\"\u000a}\u000a```\u000a\u000aAlso a default `bower.json` (unless one already exists) will be installed.\u000a\u000a\u000aThird, you'll want to make sure that your bower dependencies don't get checked\u000ainto git, so add them to your `.gitignore`:\u000a\u000a```\u000a/vendor/bower\u000a```\u000a\u000aNext, you'll need a `bower.json` to start pulling down dependencies:\u000a\u000a```\u000a{\u000a  \"name\": \"my-app\",\u000a  \"version\": \"0.0.1\",\u000a  \"dependencies\": {\u000a    \"jquery\": \"~1.9.0\"\u000a  }\u000a}\u000a```\u000a\u000aFinally, you'll want to make sure that jquery is made available when Lineman\u000aconcatenates your vendor JavaScript libraries. You can do this by extending the\u000a`js.vendor` configuration in `config/files.js` like so:\u000a\u000a```\u000amodule.exports = require(process.env[\"LINEMAN_MAIN\"]).config.extend(\"files\", {\u000a  js: {\u000a    vendor: [\u000a      \"vendor/bower/jquery/jquery.js\",\u000a      \"vendor/js/**/*.js\"  //Note that this glob remains for traditional vendor libs\u000a    ]\u000a  }\u000a});\u000a```\u000a\u000aNow, when you run `lineman run` and visit [localhost:8000](http://localhost:8000),\u000ayou should see Bower install jQuery and have access to the library on the page.\u000a","readmeFilename":"README.md","description":"This is a plugin to create a simple production server with [Lineman](http://linemanjs.com) app.","bugs":{"url":"https://github.com/jewelsjacobs/lineman-server/issues"},"_id":"lineman-server@0.1.7","dist":{"shasum":"e157344ccfabd200a9186844477eda60bee86d7d","tarball":"http://registry.npmjs.org/lineman-server/-/lineman-server-0.1.7.tgz"},"_from":".","_npmVersion":"1.4.4","_npmUser":{"name":"juli7168","email":"julia.jacobs@rackspace.com"},"maintainers":[{"name":"juli7168","email":"julia.jacobs@rackspace.com"}]}: lineman-server
107 error     at RegClient.<anonymous> (/usr/local/lib/node_modules/npm/node_modules/npm-registry-client/lib/request.js:237:14)
107 error     at Request.self.callback (/usr/local/lib/node_modules/npm/node_modules/request/request.js:123:22)
107 error     at Request.EventEmitter.emit (events.js:98:17)
107 error     at Request.<anonymous> (/usr/local/lib/node_modules/npm/node_modules/request/request.js:893:14)
107 error     at Request.EventEmitter.emit (events.js:117:20)
107 error     at IncomingMessage.<anonymous> (/usr/local/lib/node_modules/npm/node_modules/request/request.js:844:12)
107 error     at IncomingMessage.EventEmitter.emit (events.js:117:20)
107 error     at _stream_readable.js:920:16
107 error     at process._tickCallback (node.js:415:13)
108 error If you need help, you may report this *entire* log,
108 error including the npm and node versions, at:
108 error     <http://github.com/npm/npm/issues>
109 error System Darwin 13.1.0
110 error command "node" "/usr/local/bin/npm" "publish"
111 error cwd /Users/jewelsjacobs/WebstormProjects/node_mods/lineman-server
112 error node -v v0.10.26
113 error npm -v 1.4.4
114 verbose exit [ 1, true ]
